INFO: cmd_ln.c(691): Parsing command line:
/usr/local/libexec/sphinxtrain/norm \
	-accumdir /home/tandengwei/Desktop/pocketsphinx/my_db/bwaccumdir/my_db_buff_1 \
	-meanfn /home/tandengwei/Desktop/pocketsphinx/my_db/model_parameters/my_db.ci_cont_flatinitial/globalmean 

Current configuration:
[NAME]		[DEFLT]	[VALUE]
-accumdir		/home/tandengwei/Desktop/pocketsphinx/my_db/bwaccumdir/my_db_buff_1,
-constE		3.0	3.000000e+00
-dcountfn		
-example	no	no
-fullvar	no	no
-help		no	no
-inmeanfn		
-inmixwfn		
-invarfn		
-meanfn			/home/tandengwei/Desktop/pocketsphinx/my_db/model_parameters/my_db.ci_cont_flatinitial/globalmean
-mixwfn			
-mmie		no	no
-oaccumdir		
-regmatfn		
-tiedvar	no	no
-tmatfn			
-varfn			

INFO: main.c(146): No -mixwfn specified, will skip if any
INFO: main.c(149): No -tmatfn specified, will skip if any
INFO: main.c(155): No -varfn specified, will skip if any
INFO: main.c(206): Reading and accumulating counts from /home/tandengwei/Desktop/pocketsphinx/my_db/bwaccumdir/my_db_buff_1
INFO: s3gau_io.c(379): Read /home/tandengwei/Desktop/pocketsphinx/my_db/bwaccumdir/my_db_buff_1/gauden_counts with means [1x1x1 vector arrays]
INFO: main.c(320): -2passvar yes
INFO: main.c(389): Normalizing mean for n_mgau= 1, n_stream= 1, n_density= 1
INFO: s3gau_io.c(226): Wrote /home/tandengwei/Desktop/pocketsphinx/my_db/model_parameters/my_db.ci_cont_flatinitial/globalmean [1x1x1 array]
Wed Feb  4 00:35:22 2015
