INFO: cmd_ln.c(691): Parsing command line:
/usr/local/libexec/sphinxtrain/init_gau \
	-ctlfn /home/tandengwei/Desktop/pocketsphinx/my_db/etc/my_db_train.fileids \
	-part 1 \
	-npart 1 \
	-cepdir /home/tandengwei/Desktop/pocketsphinx/my_db/feat \
	-cepext mfc \
	-accumdir /home/tandengwei/Desktop/pocketsphinx/my_db/bwaccumdir/my_db_buff_1 \
	-agc none \
	-cmn current \
	-varnorm no \
	-feat 1s_c_d_dd \
	-ceplen 13 

Current configuration:
[NAME]		[DEFLT]		[VALUE]
-accumdir			/home/tandengwei/Desktop/pocketsphinx/my_db/bwaccumdir/my_db_buff_1
-agc		none		none
-agcthresh	2.0		2.000000e+00
-cepdir				/home/tandengwei/Desktop/pocketsphinx/my_db/feat
-cepext		mfc		mfc
-ceplen		13		13
-cmn		current		current
-cmninit	8.0		8.0
-ctlfn				/home/tandengwei/Desktop/pocketsphinx/my_db/etc/my_db_train.fileids
-dictfn				
-example	no		no
-fdictfn			
-feat		1s_c_d_dd	1s_c_d_dd
-fullvar	no		no
-help		no		no
-lda				
-ldadim		0		0
-lsnfn				
-meanfn				
-moddeffn			
-npart				1
-nskip				0
-part				1
-runlen				0
-scaleseg	no		no
-segdir				
-segext		v8_seg		v8_seg
-svspec				
-ts2cbfn			
-varnorm	no		no

INFO: feat.c(713): Initializing feature stream to type: '1s_c_d_dd', ceplen=13, CMN='current', VARNORM='no', AGC='none'
INFO: cmn.c(142): mean[0]= 12.00, mean[1..12]= 0.0
INFO: corpus.c(1086): Will process all remaining utts starting at 0
INFO: init_gau.c(134): Computing 1x1x1 mean estimates
INFO: cmn.c(175): CMN: 12.42 -0.34 -0.29 -0.13 -0.16 -0.17  0.01 -0.13 -0.16 -0.14 -0.13 -0.14 -0.02 
INFO: cmn.c(175): CMN: 12.68 -0.38 -0.22 -0.05 -0.20 -0.25 -0.03 -0.03 -0.11 -0.13 -0.16 -0.14 -0.08 
INFO: cmn.c(175): CMN: 12.81 -0.42 -0.21 -0.05 -0.24 -0.27 -0.04 -0.04 -0.12 -0.12 -0.15 -0.13 -0.08 
INFO: cmn.c(175): CMN: 12.58 -0.38 -0.18 -0.10 -0.24 -0.26 -0.03 -0.02 -0.11 -0.15 -0.13 -0.14 -0.10 
INFO: cmn.c(175): CMN: 12.50 -0.30 -0.31 -0.17 -0.19 -0.13 -0.03 -0.10 -0.16 -0.14 -0.17 -0.16 -0.01 
INFO: cmn.c(175): CMN: 12.85 -0.29 -0.25 -0.18 -0.20 -0.22 -0.08 -0.04 -0.09 -0.16 -0.14 -0.16 -0.12 
INFO: cmn.c(175): CMN: 12.74 -0.26 -0.19 -0.12 -0.25 -0.25 -0.06 -0.06 -0.10 -0.14 -0.16 -0.18 -0.10 
INFO: cmn.c(175): CMN: 12.86 -0.26 -0.19 -0.13 -0.27 -0.25 -0.04 -0.07 -0.10 -0.13 -0.16 -0.17 -0.10 
INFO: cmn.c(175): CMN: 12.70 -0.32 -0.29 -0.17 -0.21 -0.14 -0.00 -0.11 -0.15 -0.13 -0.18 -0.17 -0.02 
INFO: cmn.c(175): CMN: 12.57 -0.26 -0.19 -0.15 -0.27 -0.23 -0.02 -0.06 -0.09 -0.12 -0.16 -0.17 -0.09 
INFO: cmn.c(175): CMN: 12.70 -0.35 -0.20 -0.16 -0.26 -0.23 -0.01 -0.08 -0.09 -0.11 -0.16 -0.16 -0.07 
INFO: cmn.c(175): CMN: 12.93 -0.28 -0.20 -0.10 -0.29 -0.25 -0.04 -0.09 -0.11 -0.11 -0.16 -0.20 -0.08 
INFO: cmn.c(175): CMN: 12.63 -0.30 -0.29 -0.18 -0.21 -0.14 -0.02 -0.11 -0.14 -0.15 -0.18 -0.16 -0.01 
INFO: cmn.c(175): CMN: 12.80 -0.29 -0.26 -0.08 -0.28 -0.24 -0.02 -0.08 -0.14 -0.11 -0.14 -0.18 -0.09 
INFO: cmn.c(175): CMN: 12.22 -0.26 -0.20 -0.15 -0.29 -0.22 -0.01 -0.07 -0.10 -0.11 -0.16 -0.14 -0.08 
INFO: cmn.c(175): CMN: 12.42 -0.25 -0.19 -0.13 -0.26 -0.21 -0.04 -0.05 -0.12 -0.12 -0.15 -0.16 -0.11 
INFO: cmn.c(175): CMN: 12.55 -0.34 -0.28 -0.15 -0.18 -0.13 -0.02 -0.12 -0.15 -0.14 -0.19 -0.18 -0.01 
INFO: cmn.c(175): CMN: 12.48 -0.30 -0.17 -0.07 -0.20 -0.20 -0.03 -0.10 -0.14 -0.12 -0.17 -0.15 -0.10 
INFO: cmn.c(175): CMN: 12.79 -0.33 -0.19 -0.02 -0.21 -0.24 -0.03 -0.10 -0.14 -0.15 -0.15 -0.18 -0.09 
INFO: cmn.c(175): CMN: 12.32 -0.25 -0.19 -0.06 -0.21 -0.21 -0.05 -0.13 -0.08 -0.11 -0.18 -0.20 -0.05 
INFO: s3gau_io.c(478): Wrote /home/tandengwei/Desktop/pocketsphinx/my_db/bwaccumdir/my_db_buff_1/gauden_counts with means [1x1x1 vector arrays]
Wed Feb  4 00:35:22 2015
