INFO: cmd_ln.c(691): Parsing command line:
/usr/local/libexec/sphinxtrain/mk_flat \
	-moddeffn /home/tandengwei/Desktop/pocketsphinx/my_db/model_architecture/my_db.ci.mdef \
	-topo /home/tandengwei/Desktop/pocketsphinx/my_db/model_architecture/my_db.topology \
	-mixwfn /home/tandengwei/Desktop/pocketsphinx/my_db/model_parameters/my_db.ci_cont_flatinitial/mixture_weights \
	-tmatfn /home/tandengwei/Desktop/pocketsphinx/my_db/model_parameters/my_db.ci_cont_flatinitial/transition_matrices \
	-nstream 1 \
	-ndensity 1 

Current configuration:
[NAME]		[DEFLT]	[VALUE]
-example	no	no
-help		no	no
-mixwfn			/home/tandengwei/Desktop/pocketsphinx/my_db/model_parameters/my_db.ci_cont_flatinitial/mixture_weights
-moddeffn		/home/tandengwei/Desktop/pocketsphinx/my_db/model_architecture/my_db.ci.mdef
-ndensity	256	1
-nstream	4	1
-tmatfn			/home/tandengwei/Desktop/pocketsphinx/my_db/model_parameters/my_db.ci_cont_flatinitial/transition_matrices
-topo			/home/tandengwei/Desktop/pocketsphinx/my_db/model_architecture/my_db.topology

INFO: model_def_io.c(573): Model definition info:
INFO: model_def_io.c(574): 16 total models defined (16 base, 0 tri)
INFO: model_def_io.c(575): 64 total states
INFO: model_def_io.c(576): 48 total tied states
INFO: model_def_io.c(577): 48 total tied CI states
INFO: model_def_io.c(578): 16 total tied transition matrices
INFO: model_def_io.c(579): 4 max state/model
INFO: model_def_io.c(580): 4 min state/model
INFO: s3tmat_io.c(174): Wrote /home/tandengwei/Desktop/pocketsphinx/my_db/model_parameters/my_db.ci_cont_flatinitial/transition_matrices [16x3x4 array]
INFO: s3mixw_io.c(232): Wrote /home/tandengwei/Desktop/pocketsphinx/my_db/model_parameters/my_db.ci_cont_flatinitial/mixture_weights [48x1x1 array]
main.c(83): Reading model definition file /home/tandengwei/Desktop/pocketsphinx/my_db/model_architecture/my_db.ci.mdef
main.c(90): 16 models defined
Wed Feb  4 00:35:22 2015
