INFO: cmd_ln.c(691): Parsing command line:
sphinx_fe \
	-c /home/tandengwei/Desktop/pocketsphinx/my_db/etc/my_db_train.fileids \
	-part 1 \
	-npart 1 \
	-di /home/tandengwei/Desktop/pocketsphinx/my_db/wav \
	-ei wav \
	-do /home/tandengwei/Desktop/pocketsphinx/my_db/feat \
	-eo mfc \
	-nist no \
	-raw no \
	-mswav yes \
	-samprate 16000 \
	-nfilt 40 \
	-lowerf 133.3334 \
	-upperf 6855.4976 

Current configuration:
[NAME]		[DEFLT]		[VALUE]
-alpha		0.97		9.700000e-01
-argfile			
-blocksize	2048		2048
-build_outdirs	yes		yes
-c				/home/tandengwei/Desktop/pocketsphinx/my_db/etc/my_db_train.fileids
-cep2spec	no		no
-di				/home/tandengwei/Desktop/pocketsphinx/my_db/wav
-dither		no		no
-do				/home/tandengwei/Desktop/pocketsphinx/my_db/feat
-doublebw	no		no
-ei				wav
-eo				mfc
-example	no		no
-frate		100		100
-help		no		no
-i				
-input_endian	little		little
-lifter		0		0
-logspec	no		no
-lowerf		133.33334	1.333334e+02
-mach_endian	little		little
-mswav		no		yes
-ncep		13		13
-nchans		1		1
-nfft		512		512
-nfilt		40		40
-nist		no		no
-npart		0		1
-nskip		0		0
-o				
-ofmt		sphinx		sphinx
-part		0		1
-raw		no		no
-remove_dc	no		no
-round_filters	yes		yes
-runlen		-1		-1
-samprate	16000		1.600000e+04
-seed		-1		-1
-smoothspec	no		no
-spec2cep	no		no
-sph2pipe	no		no
-transform	legacy		legacy
-unit_area	yes		yes
-upperf		6855.4976	6.855498e+03
-verbose	no		no
-warp_params			
-warp_type	inverse_linear	inverse_linear
-whichchan	0		0
-wlen		0.025625	2.562500e-02

INFO: sphinx_fe.c(1043): Processing all remaining utterances at position 0
Wed Feb  4 00:35:20 2015
