INFO: cmd_ln.c(691): Parsing command line:
/usr/local/libexec/sphinxtrain/mk_mdef_gen \
	-phnlstfn /home/tandengwei/Desktop/pocketsphinx/my_db/etc/my_db.phone \
	-dictfn /home/tandengwei/Desktop/pocketsphinx/my_db/etc/my_db.dic \
	-fdictfn /home/tandengwei/Desktop/pocketsphinx/my_db/etc/my_db.filler \
	-lsnfn /home/tandengwei/Desktop/pocketsphinx/my_db/etc/my_db_train.transcription \
	-ountiedmdef /home/tandengwei/Desktop/pocketsphinx/my_db/model_architecture/my_db.untied.mdef \
	-n_state_pm 3 

Current configuration:
[NAME]		[DEFLT]	[VALUE]
-dictfn			/home/tandengwei/Desktop/pocketsphinx/my_db/etc/my_db.dic
-example	no	no
-fdictfn		/home/tandengwei/Desktop/pocketsphinx/my_db/etc/my_db.filler
-help		no	no
-ignorewpos	no	no
-inCDmdef		
-inCImdef		
-lsnfn			/home/tandengwei/Desktop/pocketsphinx/my_db/etc/my_db_train.transcription
-maxtriphones	100000	100000
-minocc		1	1
-n_state_pm	3	3
-oalltphnmdef		
-ocimdef		
-ocountfn		
-ountiedmdef		/home/tandengwei/Desktop/pocketsphinx/my_db/model_architecture/my_db.untied.mdef
-phnlstfn		/home/tandengwei/Desktop/pocketsphinx/my_db/etc/my_db.phone
-triphnlstfn		

INFO: main.c(95): Will write untied mdef file /home/tandengwei/Desktop/pocketsphinx/my_db/model_architecture/my_db.untied.mdef
INFO: mk_mdef_gen.c(189): 0 single word triphones in input phone list
INFO: mk_mdef_gen.c(190): 0 word beginning triphones in input phone list
INFO: mk_mdef_gen.c(191): 0 word internal triphones in input phone list
INFO: mk_mdef_gen.c(192): 0 word ending triphones in input phone list
INFO: mk_mdef_gen.c(280): Reading dict /home/tandengwei/Desktop/pocketsphinx/my_db/etc/my_db.dic
INFO: mk_mdef_gen.c(322): 5 words in dict /home/tandengwei/Desktop/pocketsphinx/my_db/etc/my_db.dic
INFO: mk_mdef_gen.c(280): Reading dict /home/tandengwei/Desktop/pocketsphinx/my_db/etc/my_db.filler
INFO: mk_mdef_gen.c(322): 3 words in dict /home/tandengwei/Desktop/pocketsphinx/my_db/etc/my_db.filler
INFO: mk_mdef_gen.c(442): 8 words in dictionary
INFO: mk_mdef_gen.c(443): 0 unique single word triphones in dictionary
INFO: mk_mdef_gen.c(444): 25 unique word beginning triphones in dictionary
INFO: mk_mdef_gen.c(445): 10 unique word internal triphones in dictionary
INFO: mk_mdef_gen.c(446): 24 unique word ending triphones in dictionary
INFO: mk_mdef_gen.c(479): Out of vocabulary words in transcript will be mapped to SIL!
INFO: mk_mdef_gen.c(593): 80 words in transcripts
INFO: mk_mdef_gen.c(594): 0 single word triphones in transcripts
INFO: mk_mdef_gen.c(595): 20 word beginning triphones in transcripts
INFO: mk_mdef_gen.c(596): 40 word internal triphones in transcripts
INFO: mk_mdef_gen.c(597): 20 word ending triphones in transcripts
INFO: mk_mdef_gen.c(640): 80 triphones extracted from transcripts
INFO: mk_mdef_gen.c(641): 19 unique triphones extracted from transcripts
INFO: mk_mdef_gen.c(642): 0 triphones occur once in the transcripts
INFO: mk_mdef_gen.c(643): 0 triphones occur twice in the transcripts
INFO: mk_mdef_gen.c(644): 0 triphones occur thrice in the transcripts
INFO: mk_mdef_gen.c(645): The rest of the triphones occur more than three times
INFO: mk_mdef_gen.c(646): Count threshold is 1
INFO: mk_mdef_gen.c(897): 16 n_base, 19 n_tri
INFO: mk_mdef_gen.c(969): Wrote mdef file /home/tandengwei/Desktop/pocketsphinx/my_db/model_architecture/my_db.untied.mdef
Wed Feb  4 00:35:25 2015
