        INFO: main.c(229): Compiled on Feb  3 2015 at 23:14:31
INFO: cmd_ln.c(691): Parsing command line:
/usr/local/libexec/sphinxtrain/bw \
	-moddeffn /home/tandengwei/Desktop/pocketsphinx/my_db/model_architecture/my_db.200.mdef \
	-ts2cbfn .cont. \
	-mixwfn /home/tandengwei/Desktop/pocketsphinx/my_db/model_parameters/my_db.cd_cont_initial/mixture_weights \
	-mwfloor 1e-05 \
	-tpfloor 1e-05 \
	-tmatfn /home/tandengwei/Desktop/pocketsphinx/my_db/model_parameters/my_db.cd_cont_initial/transition_matrices \
	-meanfn /home/tandengwei/Desktop/pocketsphinx/my_db/model_parameters/my_db.cd_cont_initial/means \
	-varfn /home/tandengwei/Desktop/pocketsphinx/my_db/model_parameters/my_db.cd_cont_initial/variances \
	-dictfn /home/tandengwei/Desktop/pocketsphinx/my_db/etc/my_db.dic \
	-fdictfn /home/tandengwei/Desktop/pocketsphinx/my_db/etc/my_db.filler \
	-ctlfn /home/tandengwei/Desktop/pocketsphinx/my_db/etc/my_db_train.fileids \
	-part 1 \
	-npart 1 \
	-cepdir /home/tandengwei/Desktop/pocketsphinx/my_db/feat \
	-cepext mfc \
	-lsnfn /home/tandengwei/Desktop/pocketsphinx/my_db/etc/my_db_train.transcription \
	-accumdir /home/tandengwei/Desktop/pocketsphinx/my_db/bwaccumdir/my_db_buff_1 \
	-varfloor 0.0001 \
	-topn 1 \
	-abeam 1e-90 \
	-bbeam 1e-10 \
	-agc none \
	-cmn current \
	-varnorm no \
	-meanreest yes \
	-varreest yes \
	-2passvar no \
	-tmatreest yes \
	-fullvar no \
	-diagfull no \
	-feat 1s_c_d_dd \
	-ceplen 13 \
	-timing no 

Current configuration:
[NAME]			[DEFLT]		[VALUE]
-2passvar		no		no
-abeam			1e-100		1.000000e-90
-accumdir				/home/tandengwei/Desktop/pocketsphinx/my_db/bwaccumdir/my_db_buff_1
-agc			none		none
-agcthresh		2.0		2.000000e+00
-bbeam			1e-100		1.000000e-10
-cb2mllrfn		.1cls.		.1cls.
-cepdir					/home/tandengwei/Desktop/pocketsphinx/my_db/feat
-cepext			mfc		mfc
-ceplen			13		13
-ckptintv				0
-cmn			current		current
-cmninit		8.0		8.0
-ctlfn					/home/tandengwei/Desktop/pocketsphinx/my_db/etc/my_db_train.fileids
-diagfull		no		no
-dictfn					/home/tandengwei/Desktop/pocketsphinx/my_db/etc/my_db.dic
-example		no		no
-fdictfn				/home/tandengwei/Desktop/pocketsphinx/my_db/etc/my_db.filler
-feat			1s_c_d_dd	1s_c_d_dd
-fullsuffixmatch	no		no
-fullvar		no		no
-help			no		no
-hmmdir					
-latdir					
-latext					
-lda					
-ldaaccum		no		no
-ldadim			0		0
-lsnfn					/home/tandengwei/Desktop/pocketsphinx/my_db/etc/my_db_train.transcription
-lw			11.5		1.150000e+01
-maxuttlen		0		0
-meanfn					/home/tandengwei/Desktop/pocketsphinx/my_db/model_parameters/my_db.cd_cont_initial/means
-meanreest		yes		yes
-mixwfn					/home/tandengwei/Desktop/pocketsphinx/my_db/model_parameters/my_db.cd_cont_initial/mixture_weights
-mixwreest		yes		yes
-mllrmat				
-mmie			no		no
-mmie_type		rand		rand
-moddeffn				/home/tandengwei/Desktop/pocketsphinx/my_db/model_architecture/my_db.200.mdef
-mwfloor		0.00001		1.000000e-05
-npart					1
-nskip					0
-outphsegdir				
-outputfullpath		no		no
-part					1
-pdumpdir				
-phsegdir				
-phsegext		phseg		phseg
-runlen			-1		-1
-sentdir				
-sentext		sent		sent
-spthresh		0.0		0.000000e+00
-svspec					
-timing			yes		no
-tmatfn					/home/tandengwei/Desktop/pocketsphinx/my_db/model_parameters/my_db.cd_cont_initial/transition_matrices
-tmatreest		yes		yes
-topn			4		1
-tpfloor		0.0001		1.000000e-05
-ts2cbfn				.cont.
-varfloor		0.00001		1.000000e-04
-varfn					/home/tandengwei/Desktop/pocketsphinx/my_db/model_parameters/my_db.cd_cont_initial/variances
-varnorm		no		no
-varreest		yes		yes
-viterbi		no		no

INFO: feat.c(713): Initializing feature stream to type: '1s_c_d_dd', ceplen=13, CMN='current', VARNORM='no', AGC='none'
INFO: cmn.c(142): mean[0]= 12.00, mean[1..12]= 0.0
INFO: main.c(318): Reading /home/tandengwei/Desktop/pocketsphinx/my_db/model_architecture/my_db.200.mdef
INFO: model_def_io.c(573): Model definition info:
INFO: model_def_io.c(574): 75 total models defined (16 base, 59 tri)
INFO: model_def_io.c(575): 300 total states
INFO: model_def_io.c(576): 105 total tied states
INFO: model_def_io.c(577): 48 total tied CI states
INFO: model_def_io.c(578): 16 total tied transition matrices
INFO: model_def_io.c(579): 4 max state/model
INFO: model_def_io.c(580): 4 min state/model
INFO: s3mixw_io.c(116): Read /home/tandengwei/Desktop/pocketsphinx/my_db/model_parameters/my_db.cd_cont_initial/mixture_weights [105x1x1 array]
INFO: s3tmat_io.c(115): Read /home/tandengwei/Desktop/pocketsphinx/my_db/model_parameters/my_db.cd_cont_initial/transition_matrices [16x3x4 array]
INFO: mod_inv.c(300): inserting tprob floor 1.000000e-05 and renormalizing
INFO: s3gau_io.c(166): Read /home/tandengwei/Desktop/pocketsphinx/my_db/model_parameters/my_db.cd_cont_initial/means [105x1x1 array]
INFO: s3gau_io.c(166): Read /home/tandengwei/Desktop/pocketsphinx/my_db/model_parameters/my_db.cd_cont_initial/variances [105x1x1 array]
INFO: gauden.c(183): 105 total mgau
INFO: gauden.c(157): 1 feature streams (|0|=39 )
INFO: gauden.c(194): 1 total densities
INFO: gauden.c(97): min_var=1.000000e-04
INFO: gauden.c(172): compute 1 densities/frame
INFO: main.c(430): Will reestimate mixing weights.
INFO: main.c(432): Will reestimate means.
INFO: main.c(434): Will reestimate variances.
INFO: main.c(442): Will reestimate transition matrices
INFO: main.c(455): Reading main lexicon: /home/tandengwei/Desktop/pocketsphinx/my_db/etc/my_db.dic
INFO: lexicon.c(220): 5 entries added from /home/tandengwei/Desktop/pocketsphinx/my_db/etc/my_db.dic
INFO: main.c(465): Reading filler lexicon: /home/tandengwei/Desktop/pocketsphinx/my_db/etc/my_db.filler
INFO: lexicon.c(220): 3 entries added from /home/tandengwei/Desktop/pocketsphinx/my_db/etc/my_db.filler
INFO: corpus.c(1086): Will process all remaining utts starting at 0
INFO: main.c(665): Reestimation: Baum-Welch
INFO: cmn.c(175): CMN: 12.42 -0.34 -0.29 -0.13 -0.16 -0.17  0.01 -0.13 -0.16 -0.14 -0.13 -0.14 -0.02 
column defns
	<seq>
	<id>
	<n_frame_in>
	<n_frame_del>
	<n_state_shmm>
	<avg_states_alpha>
	<avg_states_beta>
	<avg_states_reest>
	<avg_posterior_prune>
	<frame_log_lik>
	<utt_log_lik>
	... timing info ... 
utt>     0                      1_11  625    0    24 4  1 1 5.456405e-13 2.002316e+01 1.251448e+04
INFO: cmn.c(175): CMN: 12.68 -0.38 -0.22 -0.05 -0.20 -0.25 -0.03 -0.03 -0.11 -0.13 -0.16 -0.14 -0.08 
utt>     1                      1_22  573    0    24 8  1 1 5.912294e-13 3.045221e+01 1.744912e+04
INFO: cmn.c(175): CMN: 12.81 -0.42 -0.21 -0.05 -0.24 -0.27 -0.04 -0.04 -0.12 -0.12 -0.15 -0.13 -0.08 
utt>     2                      1_33  599    0    24 7  1 1 1.191200e-13 3.090185e+01 1.851021e+04
INFO: cmn.c(175): CMN: 12.58 -0.38 -0.18 -0.10 -0.24 -0.26 -0.03 -0.02 -0.11 -0.15 -0.13 -0.14 -0.10 
utt>     3                      1_44  825    0    24 6  1 1 3.055408e-13 2.797444e+01 2.307891e+04
INFO: cmn.c(175): CMN: 12.50 -0.30 -0.31 -0.17 -0.19 -0.13 -0.03 -0.10 -0.16 -0.14 -0.17 -0.16 -0.01 
utt>     4                      2_11  568    0    24 11  1 2 1.295975e-12 2.990302e+01 1.698492e+04
INFO: cmn.c(175): CMN: 12.85 -0.29 -0.25 -0.18 -0.20 -0.22 -0.08 -0.04 -0.09 -0.16 -0.14 -0.16 -0.12 
utt>     5                      2_22  493    0    24 3  1 1 3.585809e-13 1.783704e+01 8.793662e+03
INFO: cmn.c(175): CMN: 12.74 -0.26 -0.19 -0.12 -0.25 -0.25 -0.06 -0.06 -0.10 -0.14 -0.16 -0.18 -0.10 
utt>     6                      2_33  570    0    24 9  1 1 7.210646e-13 3.105776e+01 1.770292e+04
INFO: cmn.c(175): CMN: 12.86 -0.26 -0.19 -0.13 -0.27 -0.25 -0.04 -0.07 -0.10 -0.13 -0.16 -0.17 -0.10 
utt>     7                      2_44  570    0    24 8  1 1 4.997868e-13 2.899259e+01 1.652578e+04
INFO: cmn.c(175): CMN: 12.70 -0.32 -0.29 -0.17 -0.21 -0.14 -0.00 -0.11 -0.15 -0.13 -0.18 -0.17 -0.02 
utt>     8                      3_11  592    0    24 4  1 1 5.940147e-13 1.914169e+01 1.133188e+04
INFO: cmn.c(175): CMN: 12.57 -0.26 -0.19 -0.15 -0.27 -0.23 -0.02 -0.06 -0.09 -0.12 -0.16 -0.17 -0.09 
utt>     9                      3_22  575    0    24 3  1 1 3.390315e-13 1.788973e+01 1.028659e+04
INFO: cmn.c(175): CMN: 12.70 -0.35 -0.20 -0.16 -0.26 -0.23 -0.01 -0.08 -0.09 -0.11 -0.16 -0.16 -0.07 
utt>    10                      3_33  628    0    24 3  1 1 1.756443e-13 2.192799e+01 1.377078e+04
INFO: cmn.c(175): CMN: 12.93 -0.28 -0.20 -0.10 -0.29 -0.25 -0.04 -0.09 -0.11 -0.11 -0.16 -0.20 -0.08 
utt>    11                      3_44  501    0    24 9  1 1 1.049904e-12 2.675792e+01 1.340572e+04
INFO: cmn.c(175): CMN: 12.63 -0.30 -0.29 -0.18 -0.21 -0.14 -0.02 -0.11 -0.14 -0.15 -0.18 -0.16 -0.01 
utt>    12                      4_11  592    0    24 9  1 1 6.643925e-13 2.819853e+01 1.669353e+04
INFO: cmn.c(175): CMN: 12.80 -0.29 -0.26 -0.08 -0.28 -0.24 -0.02 -0.08 -0.14 -0.11 -0.14 -0.18 -0.09 
utt>    13                      4_22  501    0    24 5  1 1 6.168759e-13 1.731930e+01 8.676970e+03
INFO: cmn.c(175): CMN: 12.22 -0.26 -0.20 -0.15 -0.29 -0.22 -0.01 -0.07 -0.10 -0.11 -0.16 -0.14 -0.08 
utt>    14                      4_33  517    0    24 10  1 1 4.199218e-13 3.323113e+01 1.718049e+04
INFO: cmn.c(175): CMN: 12.42 -0.25 -0.19 -0.13 -0.26 -0.21 -0.04 -0.05 -0.12 -0.12 -0.15 -0.16 -0.11 
utt>    15                      4_44  546    0    24 7  1 1 1.038321e-12 1.879337e+01 1.026118e+04
INFO: cmn.c(175): CMN: 12.55 -0.34 -0.28 -0.15 -0.18 -0.13 -0.02 -0.12 -0.15 -0.14 -0.19 -0.18 -0.01 
utt>    16                      5_11  592    0    24 11  1 1 1.440523e-13 3.276352e+01 1.939600e+04
INFO: cmn.c(175): CMN: 12.48 -0.30 -0.17 -0.07 -0.20 -0.20 -0.03 -0.10 -0.14 -0.12 -0.17 -0.15 -0.10 
utt>    17                      5_22  549    0    24 8  1 1 2.915203e-13 3.185292e+01 1.748725e+04
INFO: cmn.c(175): CMN: 12.79 -0.33 -0.19 -0.02 -0.21 -0.24 -0.03 -0.10 -0.14 -0.15 -0.15 -0.18 -0.09 
utt>    18                      5_33  565    0    24 4  1 1 1.534465e-13 1.509457e+01 8.528431e+03
INFO: cmn.c(175): CMN: 12.32 -0.25 -0.19 -0.06 -0.21 -0.21 -0.05 -0.13 -0.08 -0.11 -0.18 -0.20 -0.05 
utt>    19                      5_44  537    0    24 5  1 1 6.115201e-13 2.033957e+01 1.092235e+04
overall> stats 11518 (-0) 2.513467e+01 2.895012e+05

INFO: s3mixw_io.c(232): Wrote /home/tandengwei/Desktop/pocketsphinx/my_db/bwaccumdir/my_db_buff_1/mixw_counts [105x1x1 array]
INFO: s3tmat_io.c(174): Wrote /home/tandengwei/Desktop/pocketsphinx/my_db/bwaccumdir/my_db_buff_1/tmat_counts [16x3x4 array]
INFO: s3gau_io.c(478): Wrote /home/tandengwei/Desktop/pocketsphinx/my_db/bwaccumdir/my_db_buff_1/gauden_counts with means with vars [105x1x1 vector arrays]
INFO: main.c(1014): Counts saved to /home/tandengwei/Desktop/pocketsphinx/my_db/bwaccumdir/my_db_buff_1
Wed Feb  4 00:35:30 2015
