INFO: cmd_ln.c(691): Parsing command line:
/usr/local/libexec/sphinxtrain/norm \
	-accumdir /home/tandengwei/Desktop/pocketsphinx/my_db/bwaccumdir/my_db_buff_1 \
	-mixwfn /home/tandengwei/Desktop/pocketsphinx/my_db/model_parameters/my_db.cd_cont_200/mixture_weights \
	-tmatfn /home/tandengwei/Desktop/pocketsphinx/my_db/model_parameters/my_db.cd_cont_200/transition_matrices \
	-meanfn /home/tandengwei/Desktop/pocketsphinx/my_db/model_parameters/my_db.cd_cont_200/means \
	-varfn /home/tandengwei/Desktop/pocketsphinx/my_db/model_parameters/my_db.cd_cont_200/variances \
	-fullvar no 

Current configuration:
[NAME]		[DEFLT]	[VALUE]
-accumdir		/home/tandengwei/Desktop/pocketsphinx/my_db/bwaccumdir/my_db_buff_1,
-constE		3.0	3.000000e+00
-dcountfn		
-example	no	no
-fullvar	no	no
-help		no	no
-inmeanfn		
-inmixwfn		
-invarfn		
-meanfn			/home/tandengwei/Desktop/pocketsphinx/my_db/model_parameters/my_db.cd_cont_200/means
-mixwfn			/home/tandengwei/Desktop/pocketsphinx/my_db/model_parameters/my_db.cd_cont_200/mixture_weights
-mmie		no	no
-oaccumdir		
-regmatfn		
-tiedvar	no	no
-tmatfn			/home/tandengwei/Desktop/pocketsphinx/my_db/model_parameters/my_db.cd_cont_200/transition_matrices
-varfn			/home/tandengwei/Desktop/pocketsphinx/my_db/model_parameters/my_db.cd_cont_200/variances

INFO: main.c(206): Reading and accumulating counts from /home/tandengwei/Desktop/pocketsphinx/my_db/bwaccumdir/my_db_buff_1
INFO: s3mixw_io.c(116): Read /home/tandengwei/Desktop/pocketsphinx/my_db/bwaccumdir/my_db_buff_1/mixw_counts [105x1x4 array]
INFO: s3tmat_io.c(115): Read /home/tandengwei/Desktop/pocketsphinx/my_db/bwaccumdir/my_db_buff_1/tmat_counts [16x3x4 array]
INFO: s3gau_io.c(379): Read /home/tandengwei/Desktop/pocketsphinx/my_db/bwaccumdir/my_db_buff_1/gauden_counts with means with vars [105x1x4 vector arrays]
INFO: main.c(389): Normalizing mean for n_mgau= 105, n_stream= 1, n_density= 4
INFO: main.c(413): Normalizing var
ERROR: "gauden.c", line 1670: Variance (mgau= 42, feat= 0, density=0, component=3) is less then 0. Most probably the number of senones is too high for such a small training database. Use smaller $CFG_N_TIED_STATES.
ERROR: "gauden.c", line 1670: Variance (mgau= 42, feat= 0, density=0, component=4) is less then 0. Most probably the number of senones is too high for such a small training database. Use smaller $CFG_N_TIED_STATES.
ERROR: "gauden.c", line 1670: Variance (mgau= 42, feat= 0, density=0, component=5) is less then 0. Most probably the number of senones is too high for such a small training database. Use smaller $CFG_N_TIED_STATES.
ERROR: "gauden.c", line 1670: Variance (mgau= 42, feat= 0, density=0, component=7) is less then 0. Most probably the number of senones is too high for such a small training database. Use smaller $CFG_N_TIED_STATES.
ERROR: "gauden.c", line 1670: Variance (mgau= 42, feat= 0, density=0, component=8) is less then 0. Most probably the number of senones is too high for such a small training database. Use smaller $CFG_N_TIED_STATES.
ERROR: "gauden.c", line 1670: Variance (mgau= 42, feat= 0, density=0, component=9) is less then 0. Most probably the number of senones is too high for such a small training database. Use smaller $CFG_N_TIED_STATES.
ERROR: "gauden.c", line 1670: Variance (mgau= 42, feat= 0, density=0, component=10) is less then 0. Most probably the number of senones is too high for such a small training database. Use smaller $CFG_N_TIED_STATES.
ERROR: "gauden.c", line 1670: Variance (mgau= 42, feat= 0, density=0, component=11) is less then 0. Most probably the number of senones is too high for such a small training database. Use smaller $CFG_N_TIED_STATES.
ERROR: "gauden.c", line 1670: Variance (mgau= 42, feat= 0, density=0, component=12) is less then 0. Most probably the number of senones is too high for such a small training database. Use smaller $CFG_N_TIED_STATES.
ERROR: "gauden.c", line 1670: Variance (mgau= 42, feat= 0, density=0, component=13) is less then 0. Most probably the number of senones is too high for such a small training database. Use smaller $CFG_N_TIED_STATES.
ERROR: "gauden.c", line 1670: Variance (mgau= 42, feat= 0, density=0, component=17) is less then 0. Most probably the number of senones is too high for such a small training database. Use smaller $CFG_N_TIED_STATES.
ERROR: "gauden.c", line 1670: Variance (mgau= 42, feat= 0, density=0, component=19) is less then 0. Most probably the number of senones is too high for such a small training database. Use smaller $CFG_N_TIED_STATES.
ERROR: "gauden.c", line 1670: Variance (mgau= 42, feat= 0, density=0, component=20) is less then 0. Most probably the number of senones is too high for such a small training database. Use smaller $CFG_N_TIED_STATES.
ERROR: "gauden.c", line 1670: Variance (mgau= 42, feat= 0, density=0, component=22) is less then 0. Most probably the number of senones is too high for such a small training database. Use smaller $CFG_N_TIED_STATES.
ERROR: "gauden.c", line 1670: Variance (mgau= 42, feat= 0, density=0, component=23) is less then 0. Most probably the number of senones is too high for such a small training database. Use smaller $CFG_N_TIED_STATES.
ERROR: "gauden.c", line 1670: Variance (mgau= 42, feat= 0, density=0, component=24) is less then 0. Most probably the number of senones is too high for such a small training database. Use smaller $CFG_N_TIED_STATES.
ERROR: "gauden.c", line 1670: Variance (mgau= 42, feat= 0, density=0, component=26) is less then 0. Most probably the number of senones is too high for such a small training database. Use smaller $CFG_N_TIED_STATES.
ERROR: "gauden.c", line 1670: Variance (mgau= 42, feat= 0, density=0, component=27) is less then 0. Most probably the number of senones is too high for such a small training database. Use smaller $CFG_N_TIED_STATES.
ERROR: "gauden.c", line 1670: Variance (mgau= 42, feat= 0, density=0, component=30) is less then 0. Most probably the number of senones is too high for such a small training database. Use smaller $CFG_N_TIED_STATES.
ERROR: "gauden.c", line 1670: Variance (mgau= 42, feat= 0, density=0, component=33) is less then 0. Most probably the number of senones is too high for such a small training database. Use smaller $CFG_N_TIED_STATES.
ERROR: "gauden.c", line 1670: Variance (mgau= 42, feat= 0, density=0, component=36) is less then 0. Most probably the number of senones is too high for such a small training database. Use smaller $CFG_N_TIED_STATES.
ERROR: "gauden.c", line 1670: Variance (mgau= 42, feat= 0, density=0, component=37) is less then 0. Most probably the number of senones is too high for such a small training database. Use smaller $CFG_N_TIED_STATES.
ERROR: "gauden.c", line 1670: Variance (mgau= 42, feat= 0, density=3, component=3) is less then 0. Most probably the number of senones is too high for such a small training database. Use smaller $CFG_N_TIED_STATES.
ERROR: "gauden.c", line 1670: Variance (mgau= 42, feat= 0, density=3, component=4) is less then 0. Most probably the number of senones is too high for such a small training database. Use smaller $CFG_N_TIED_STATES.
ERROR: "gauden.c", line 1670: Variance (mgau= 42, feat= 0, density=3, component=5) is less then 0. Most probably the number of senones is too high for such a small training database. Use smaller $CFG_N_TIED_STATES.
ERROR: "gauden.c", line 1670: Variance (mgau= 42, feat= 0, density=3, component=7) is less then 0. Most probably the number of senones is too high for such a small training database. Use smaller $CFG_N_TIED_STATES.
ERROR: "gauden.c", line 1670: Variance (mgau= 42, feat= 0, density=3, component=8) is less then 0. Most probably the number of senones is too high for such a small training database. Use smaller $CFG_N_TIED_STATES.
ERROR: "gauden.c", line 1670: Variance (mgau= 42, feat= 0, density=3, component=9) is less then 0. Most probably the number of senones is too high for such a small training database. Use smaller $CFG_N_TIED_STATES.
ERROR: "gauden.c", line 1670: Variance (mgau= 42, feat= 0, density=3, component=10) is less then 0. Most probably the number of senones is too high for such a small training database. Use smaller $CFG_N_TIED_STATES.
ERROR: "gauden.c", line 1670: Variance (mgau= 42, feat= 0, density=3, component=11) is less then 0. Most probably the number of senones is too high for such a small training database. Use smaller $CFG_N_TIED_STATES.
ERROR: "gauden.c", line 1670: Variance (mgau= 42, feat= 0, density=3, component=12) is less then 0. Most probably the number of senones is too high for such a small training database. Use smaller $CFG_N_TIED_STATES.
ERROR: "gauden.c", line 1670: Variance (mgau= 42, feat= 0, density=3, component=13) is less then 0. Most probably the number of senones is too high for such a small training database. Use smaller $CFG_N_TIED_STATES.
ERROR: "gauden.c", line 1670: Variance (mgau= 42, feat= 0, density=3, component=17) is less then 0. Most probably the number of senones is too high for such a small training database. Use smaller $CFG_N_TIED_STATES.
ERROR: "gauden.c", line 1670: Variance (mgau= 42, feat= 0, density=3, component=19) is less then 0. Most probably the number of senones is too high for such a small training database. Use smaller $CFG_N_TIED_STATES.
ERROR: "gauden.c", line 1670: Variance (mgau= 42, feat= 0, density=3, component=20) is less then 0. Most probably the number of senones is too high for such a small training database. Use smaller $CFG_N_TIED_STATES.
ERROR: "gauden.c", line 1670: Variance (mgau= 42, feat= 0, density=3, component=22) is less then 0. Most probably the number of senones is too high for such a small training database. Use smaller $CFG_N_TIED_STATES.
ERROR: "gauden.c", line 1670: Variance (mgau= 42, feat= 0, density=3, component=23) is less then 0. Most probably the number of senones is too high for such a small training database. Use smaller $CFG_N_TIED_STATES.
ERROR: "gauden.c", line 1670: Variance (mgau= 42, feat= 0, density=3, component=24) is less then 0. Most probably the number of senones is too high for such a small training database. Use smaller $CFG_N_TIED_STATES.
ERROR: "gauden.c", line 1670: Variance (mgau= 42, feat= 0, density=3, component=26) is less then 0. Most probably the number of senones is too high for such a small training database. Use smaller $CFG_N_TIED_STATES.
ERROR: "gauden.c", line 1670: Variance (mgau= 42, feat= 0, density=3, component=27) is less then 0. Most probably the number of senones is too high for such a small training database. Use smaller $CFG_N_TIED_STATES.
ERROR: "gauden.c", line 1670: Variance (mgau= 42, feat= 0, density=3, component=30) is less then 0. Most probably the number of senones is too high for such a small training database. Use smaller $CFG_N_TIED_STATES.
ERROR: "gauden.c", line 1670: Variance (mgau= 42, feat= 0, density=3, component=33) is less then 0. Most probably the number of senones is too high for such a small training database. Use smaller $CFG_N_TIED_STATES.
ERROR: "gauden.c", line 1670: Variance (mgau= 42, feat= 0, density=3, component=36) is less then 0. Most probably the number of senones is too high for such a small training database. Use smaller $CFG_N_TIED_STATES.
ERROR: "gauden.c", line 1670: Variance (mgau= 42, feat= 0, density=3, component=37) is less then 0. Most probably the number of senones is too high for such a small training database. Use smaller $CFG_N_TIED_STATES.
ERROR: "gauden.c", line 1670: Variance (mgau= 70, feat= 0, density=0, component=1) is less then 0. Most probably the number of senones is too high for such a small training database. Use smaller $CFG_N_TIED_STATES.
ERROR: "gauden.c", line 1670: Variance (mgau= 70, feat= 0, density=0, component=3) is less then 0. Most probably the number of senones is too high for such a small training database. Use smaller $CFG_N_TIED_STATES.
ERROR: "gauden.c", line 1670: Variance (mgau= 70, feat= 0, density=0, component=4) is less then 0. Most probably the number of senones is too high for such a small training database. Use smaller $CFG_N_TIED_STATES.
ERROR: "gauden.c", line 1670: Variance (mgau= 70, feat= 0, density=0, component=5) is less then 0. Most probably the number of senones is too high for such a small training database. Use smaller $CFG_N_TIED_STATES.
ERROR: "gauden.c", line 1670: Variance (mgau= 70, feat= 0, density=0, component=7) is less then 0. Most probably the number of senones is too high for such a small training database. Use smaller $CFG_N_TIED_STATES.
ERROR: "gauden.c", line 1670: Variance (mgau= 70, feat= 0, density=0, component=9) is less then 0. Most probably the number of senones is too high for such a small training database. Use smaller $CFG_N_TIED_STATES.
ERROR: "gauden.c", line 1670: Variance (mgau= 70, feat= 0, density=0, component=10) is less then 0. Most probably the number of senones is too high for such a small training database. Use smaller $CFG_N_TIED_STATES.
ERROR: "gauden.c", line 1670: Variance (mgau= 70, feat= 0, density=0, component=12) is less then 0. Most probably the number of senones is too high for such a small training database. Use smaller $CFG_N_TIED_STATES.
ERROR: "gauden.c", line 1670: Variance (mgau= 70, feat= 0, density=0, component=17) is less then 0. Most probably the number of senones is too high for such a small training database. Use smaller $CFG_N_TIED_STATES.
ERROR: "gauden.c", line 1670: Variance (mgau= 70, feat= 0, density=0, component=19) is less then 0. Most probably the number of senones is too high for such a small training database. Use smaller $CFG_N_TIED_STATES.
ERROR: "gauden.c", line 1670: Variance (mgau= 70, feat= 0, density=0, component=23) is less then 0. Most probably the number of senones is too high for such a small training database. Use smaller $CFG_N_TIED_STATES.
ERROR: "gauden.c", line 1670: Variance (mgau= 70, feat= 0, density=0, component=26) is less then 0. Most probably the number of senones is too high for such a small training database. Use smaller $CFG_N_TIED_STATES.
ERROR: "gauden.c", line 1670: Variance (mgau= 70, feat= 0, density=0, component=29) is less then 0. Most probably the number of senones is too high for such a small training database. Use smaller $CFG_N_TIED_STATES.
ERROR: "gauden.c", line 1670: Variance (mgau= 70, feat= 0, density=0, component=31) is less then 0. Most probably the number of senones is too high for such a small training database. Use smaller $CFG_N_TIED_STATES.
ERROR: "gauden.c", line 1670: Variance (mgau= 70, feat= 0, density=0, component=32) is less then 0. Most probably the number of senones is too high for such a small training database. Use smaller $CFG_N_TIED_STATES.
ERROR: "gauden.c", line 1670: Variance (mgau= 70, feat= 0, density=0, component=36) is less then 0. Most probably the number of senones is too high for such a small training database. Use smaller $CFG_N_TIED_STATES.
ERROR: "gauden.c", line 1670: Variance (mgau= 70, feat= 0, density=0, component=37) is less then 0. Most probably the number of senones is too high for such a small training database. Use smaller $CFG_N_TIED_STATES.
ERROR: "gauden.c", line 1670: Variance (mgau= 70, feat= 0, density=3, component=1) is less then 0. Most probably the number of senones is too high for such a small training database. Use smaller $CFG_N_TIED_STATES.
ERROR: "gauden.c", line 1670: Variance (mgau= 70, feat= 0, density=3, component=3) is less then 0. Most probably the number of senones is too high for such a small training database. Use smaller $CFG_N_TIED_STATES.
ERROR: "gauden.c", line 1670: Variance (mgau= 70, feat= 0, density=3, component=4) is less then 0. Most probably the number of senones is too high for such a small training database. Use smaller $CFG_N_TIED_STATES.
ERROR: "gauden.c", line 1670: Variance (mgau= 70, feat= 0, density=3, component=5) is less then 0. Most probably the number of senones is too high for such a small training database. Use smaller $CFG_N_TIED_STATES.
ERROR: "gauden.c", line 1670: Variance (mgau= 70, feat= 0, density=3, component=7) is less then 0. Most probably the number of senones is too high for such a small training database. Use smaller $CFG_N_TIED_STATES.
ERROR: "gauden.c", line 1670: Variance (mgau= 70, feat= 0, density=3, component=9) is less then 0. Most probably the number of senones is too high for such a small training database. Use smaller $CFG_N_TIED_STATES.
ERROR: "gauden.c", line 1670: Variance (mgau= 70, feat= 0, density=3, component=10) is less then 0. Most probably the number of senones is too high for such a small training database. Use smaller $CFG_N_TIED_STATES.
ERROR: "gauden.c", line 1670: Variance (mgau= 70, feat= 0, density=3, component=12) is less then 0. Most probably the number of senones is too high for such a small training database. Use smaller $CFG_N_TIED_STATES.
ERROR: "gauden.c", line 1670: Variance (mgau= 70, feat= 0, density=3, component=17) is less then 0. Most probably the number of senones is too high for such a small training database. Use smaller $CFG_N_TIED_STATES.
ERROR: "gauden.c", line 1670: Variance (mgau= 70, feat= 0, density=3, component=19) is less then 0. Most probably the number of senones is too high for such a small training database. Use smaller $CFG_N_TIED_STATES.
ERROR: "gauden.c", line 1670: Variance (mgau= 70, feat= 0, density=3, component=23) is less then 0. Most probably the number of senones is too high for such a small training database. Use smaller $CFG_N_TIED_STATES.
ERROR: "gauden.c", line 1670: Variance (mgau= 70, feat= 0, density=3, component=26) is less then 0. Most probably the number of senones is too high for such a small training database. Use smaller $CFG_N_TIED_STATES.
ERROR: "gauden.c", line 1670: Variance (mgau= 70, feat= 0, density=3, component=29) is less then 0. Most probably the number of senones is too high for such a small training database. Use smaller $CFG_N_TIED_STATES.
ERROR: "gauden.c", line 1670: Variance (mgau= 70, feat= 0, density=3, component=31) is less then 0. Most probably the number of senones is too high for such a small training database. Use smaller $CFG_N_TIED_STATES.
ERROR: "gauden.c", line 1670: Variance (mgau= 70, feat= 0, density=3, component=32) is less then 0. Most probably the number of senones is too high for such a small training database. Use smaller $CFG_N_TIED_STATES.
ERROR: "gauden.c", line 1670: Variance (mgau= 70, feat= 0, density=3, component=36) is less then 0. Most probably the number of senones is too high for such a small training database. Use smaller $CFG_N_TIED_STATES.
ERROR: "gauden.c", line 1670: Variance (mgau= 70, feat= 0, density=3, component=37) is less then 0. Most probably the number of senones is too high for such a small training database. Use smaller $CFG_N_TIED_STATES.
ERROR: "gauden.c", line 1670: Variance (mgau= 93, feat= 0, density=0, component=3) is less then 0. Most probably the number of senones is too high for such a small training database. Use smaller $CFG_N_TIED_STATES.
ERROR: "gauden.c", line 1670: Variance (mgau= 93, feat= 0, density=0, component=4) is less then 0. Most probably the number of senones is too high for such a small training database. Use smaller $CFG_N_TIED_STATES.
ERROR: "gauden.c", line 1670: Variance (mgau= 93, feat= 0, density=0, component=5) is less then 0. Most probably the number of senones is too high for such a small training database. Use smaller $CFG_N_TIED_STATES.
ERROR: "gauden.c", line 1670: Variance (mgau= 93, feat= 0, density=0, component=7) is less then 0. Most probably the number of senones is too high for such a small training database. Use smaller $CFG_N_TIED_STATES.
ERROR: "gauden.c", line 1670: Variance (mgau= 93, feat= 0, density=0, component=8) is less then 0. Most probably the number of senones is too high for such a small training database. Use smaller $CFG_N_TIED_STATES.
ERROR: "gauden.c", line 1670: Variance (mgau= 93, feat= 0, density=0, component=9) is less then 0. Most probably the number of senones is too high for such a small training database. Use smaller $CFG_N_TIED_STATES.
ERROR: "gauden.c", line 1670: Variance (mgau= 93, feat= 0, density=0, component=10) is less then 0. Most probably the number of senones is too high for such a small training database. Use smaller $CFG_N_TIED_STATES.
ERROR: "gauden.c", line 1670: Variance (mgau= 93, feat= 0, density=0, component=11) is less then 0. Most probably the number of senones is too high for such a small training database. Use smaller $CFG_N_TIED_STATES.
ERROR: "gauden.c", line 1670: Variance (mgau= 93, feat= 0, density=0, component=12) is less then 0. Most probably the number of senones is too high for such a small training database. Use smaller $CFG_N_TIED_STATES.
ERROR: "gauden.c", line 1670: Variance (mgau= 93, feat= 0, density=0, component=13) is less then 0. Most probably the number of senones is too high for such a small training database. Use smaller $CFG_N_TIED_STATES.
ERROR: "gauden.c", line 1670: Variance (mgau= 93, feat= 0, density=0, component=17) is less then 0. Most probably the number of senones is too high for such a small training database. Use smaller $CFG_N_TIED_STATES.
ERROR: "gauden.c", line 1670: Variance (mgau= 93, feat= 0, density=0, component=19) is less then 0. Most probably the number of senones is too high for such a small training database. Use smaller $CFG_N_TIED_STATES.
ERROR: "gauden.c", line 1670: Variance (mgau= 93, feat= 0, density=0, component=20) is less then 0. Most probably the number of senones is too high for such a small training database. Use smaller $CFG_N_TIED_STATES.
ERROR: "gauden.c", line 1670: Variance (mgau= 93, feat= 0, density=0, component=22) is less then 0. Most probably the number of senones is too high for such a small training database. Use smaller $CFG_N_TIED_STATES.
ERROR: "gauden.c", line 1670: Variance (mgau= 93, feat= 0, density=0, component=23) is less then 0. Most probably the number of senones is too high for such a small training database. Use smaller $CFG_N_TIED_STATES.
ERROR: "gauden.c", line 1670: Variance (mgau= 93, feat= 0, density=0, component=24) is less then 0. Most probably the number of senones is too high for such a small training database. Use smaller $CFG_N_TIED_STATES.
ERROR: "gauden.c", line 1670: Variance (mgau= 93, feat= 0, density=0, component=26) is less then 0. Most probably the number of senones is too high for such a small training database. Use smaller $CFG_N_TIED_STATES.
ERROR: "gauden.c", line 1670: Variance (mgau= 93, feat= 0, density=0, component=27) is less then 0. Most probably the number of senones is too high for such a small training database. Use smaller $CFG_N_TIED_STATES.
ERROR: "gauden.c", line 1670: Variance (mgau= 93, feat= 0, density=0, component=30) is less then 0. Most probably the number of senones is too high for such a small training database. Use smaller $CFG_N_TIED_STATES.
ERROR: "gauden.c", line 1670: Variance (mgau= 93, feat= 0, density=0, component=33) is less then 0. Most probably the number of senones is too high for such a small training database. Use smaller $CFG_N_TIED_STATES.
ERROR: "gauden.c", line 1670: Variance (mgau= 93, feat= 0, density=0, component=36) is less then 0. Most probably the number of senones is too high for such a small training database. Use smaller $CFG_N_TIED_STATES.
ERROR: "gauden.c", line 1670: Variance (mgau= 93, feat= 0, density=0, component=37) is less then 0. Most probably the number of senones is too high for such a small training database. Use smaller $CFG_N_TIED_STATES.
ERROR: "gauden.c", line 1670: Variance (mgau= 93, feat= 0, density=3, component=3) is less then 0. Most probably the number of senones is too high for such a small training database. Use smaller $CFG_N_TIED_STATES.
ERROR: "gauden.c", line 1670: Variance (mgau= 93, feat= 0, density=3, component=4) is less then 0. Most probably the number of senones is too high for such a small training database. Use smaller $CFG_N_TIED_STATES.
ERROR: "gauden.c", line 1670: Variance (mgau= 93, feat= 0, density=3, component=5) is less then 0. Most probably the number of senones is too high for such a small training database. Use smaller $CFG_N_TIED_STATES.
ERROR: "gauden.c", line 1670: Variance (mgau= 93, feat= 0, density=3, component=7) is less then 0. Most probably the number of senones is too high for such a small training database. Use smaller $CFG_N_TIED_STATES.
ERROR: "gauden.c", line 1670: Variance (mgau= 93, feat= 0, density=3, component=8) is less then 0. Most probably the number of senones is too high for such a small training database. Use smaller $CFG_N_TIED_STATES.
ERROR: "gauden.c", line 1670: Variance (mgau= 93, feat= 0, density=3, component=9) is less then 0. Most probably the number of senones is too high for such a small training database. Use smaller $CFG_N_TIED_STATES.
ERROR: "gauden.c", line 1670: Variance (mgau= 93, feat= 0, density=3, component=10) is less then 0. Most probably the number of senones is too high for such a small training database. Use smaller $CFG_N_TIED_STATES.
ERROR: "gauden.c", line 1670: Variance (mgau= 93, feat= 0, density=3, component=11) is less then 0. Most probably the number of senones is too high for such a small training database. Use smaller $CFG_N_TIED_STATES.
ERROR: "gauden.c", line 1670: Variance (mgau= 93, feat= 0, density=3, component=12) is less then 0. Most probably the number of senones is too high for such a small training database. Use smaller $CFG_N_TIED_STATES.
ERROR: "gauden.c", line 1670: Variance (mgau= 93, feat= 0, density=3, component=13) is less then 0. Most probably the number of senones is too high for such a small training database. Use smaller $CFG_N_TIED_STATES.
ERROR: "gauden.c", line 1670: Variance (mgau= 93, feat= 0, density=3, component=17) is less then 0. Most probably the number of senones is too high for such a small training database. Use smaller $CFG_N_TIED_STATES.
ERROR: "gauden.c", line 1670: Variance (mgau= 93, feat= 0, density=3, component=19) is less then 0. Most probably the number of senones is too high for such a small training database. Use smaller $CFG_N_TIED_STATES.
ERROR: "gauden.c", line 1670: Variance (mgau= 93, feat= 0, density=3, component=20) is less then 0. Most probably the number of senones is too high for such a small training database. Use smaller $CFG_N_TIED_STATES.
ERROR: "gauden.c", line 1670: Variance (mgau= 93, feat= 0, density=3, component=22) is less then 0. Most probably the number of senones is too high for such a small training database. Use smaller $CFG_N_TIED_STATES.
ERROR: "gauden.c", line 1670: Variance (mgau= 93, feat= 0, density=3, component=23) is less then 0. Most probably the number of senones is too high for such a small training database. Use smaller $CFG_N_TIED_STATES.
ERROR: "gauden.c", line 1670: Variance (mgau= 93, feat= 0, density=3, component=24) is less then 0. Most probably the number of senones is too high for such a small training database. Use smaller $CFG_N_TIED_STATES.
ERROR: "gauden.c", line 1670: Variance (mgau= 93, feat= 0, density=3, component=26) is less then 0. Most probably the number of senones is too high for such a small training database. Use smaller $CFG_N_TIED_STATES.
ERROR: "gauden.c", line 1670: Variance (mgau= 93, feat= 0, density=3, component=27) is less then 0. Most probably the number of senones is too high for such a small training database. Use smaller $CFG_N_TIED_STATES.
ERROR: "gauden.c", line 1670: Variance (mgau= 93, feat= 0, density=3, component=30) is less then 0. Most probably the number of senones is too high for such a small training database. Use smaller $CFG_N_TIED_STATES.
ERROR: "gauden.c", line 1670: Variance (mgau= 93, feat= 0, density=3, component=33) is less then 0. Most probably the number of senones is too high for such a small training database. Use smaller $CFG_N_TIED_STATES.
ERROR: "gauden.c", line 1670: Variance (mgau= 93, feat= 0, density=3, component=36) is less then 0. Most probably the number of senones is too high for such a small training database. Use smaller $CFG_N_TIED_STATES.
ERROR: "gauden.c", line 1670: Variance (mgau= 93, feat= 0, density=3, component=37) is less then 0. Most probably the number of senones is too high for such a small training database. Use smaller $CFG_N_TIED_STATES.
INFO: s3mixw_io.c(232): Wrote /home/tandengwei/Desktop/pocketsphinx/my_db/model_parameters/my_db.cd_cont_200/mixture_weights [105x1x4 array]
INFO: s3tmat_io.c(174): Wrote /home/tandengwei/Desktop/pocketsphinx/my_db/model_parameters/my_db.cd_cont_200/transition_matrices [16x3x4 array]
INFO: s3gau_io.c(226): Wrote /home/tandengwei/Desktop/pocketsphinx/my_db/model_parameters/my_db.cd_cont_200/means [105x1x4 array]
INFO: s3gau_io.c(226): Wrote /home/tandengwei/Desktop/pocketsphinx/my_db/model_parameters/my_db.cd_cont_200/variances [105x1x4 array]
Wed Feb  4 00:35:35 2015
Current Overall Likelihood Per Frame = 29.9132835561729
