INFO: cmd_ln.c(691): Parsing command line:
/usr/local/libexec/sphinxtrain/inc_comp \
	-ninc 2 \
	-dcountfn /home/tandengwei/Desktop/pocketsphinx/my_db/model_parameters/my_db.cd_cont_200/mixture_weights \
	-inmixwfn /home/tandengwei/Desktop/pocketsphinx/my_db/model_parameters/my_db.cd_cont_200/mixture_weights \
	-outmixwfn /home/tandengwei/Desktop/pocketsphinx/my_db/model_parameters/my_db.cd_cont_initial/mixture_weights \
	-inmeanfn /home/tandengwei/Desktop/pocketsphinx/my_db/model_parameters/my_db.cd_cont_200/means \
	-outmeanfn /home/tandengwei/Desktop/pocketsphinx/my_db/model_parameters/my_db.cd_cont_initial/means \
	-invarfn /home/tandengwei/Desktop/pocketsphinx/my_db/model_parameters/my_db.cd_cont_200/variances \
	-outvarfn /home/tandengwei/Desktop/pocketsphinx/my_db/model_parameters/my_db.cd_cont_initial/variances \
	-fullvar no 

Current configuration:
[NAME]		[DEFLT]	[VALUE]
-dcountfn		/home/tandengwei/Desktop/pocketsphinx/my_db/model_parameters/my_db.cd_cont_200/mixture_weights
-example	no	no
-fullvar	no	no
-help		no	no
-inmeanfn		/home/tandengwei/Desktop/pocketsphinx/my_db/model_parameters/my_db.cd_cont_200/means
-inmixwfn		/home/tandengwei/Desktop/pocketsphinx/my_db/model_parameters/my_db.cd_cont_200/mixture_weights
-invarfn		/home/tandengwei/Desktop/pocketsphinx/my_db/model_parameters/my_db.cd_cont_200/variances
-ninc		1	2
-outmeanfn		/home/tandengwei/Desktop/pocketsphinx/my_db/model_parameters/my_db.cd_cont_initial/means
-outmixwfn		/home/tandengwei/Desktop/pocketsphinx/my_db/model_parameters/my_db.cd_cont_initial/mixture_weights
-outvarfn		/home/tandengwei/Desktop/pocketsphinx/my_db/model_parameters/my_db.cd_cont_initial/variances

INFO: main.c(85): Reading mixing weight file /home/tandengwei/Desktop/pocketsphinx/my_db/model_parameters/my_db.cd_cont_200/mixture_weights.
INFO: s3mixw_io.c(116): Read /home/tandengwei/Desktop/pocketsphinx/my_db/model_parameters/my_db.cd_cont_200/mixture_weights [105x1x2 array]
INFO: s3gau_io.c(166): Read /home/tandengwei/Desktop/pocketsphinx/my_db/model_parameters/my_db.cd_cont_200/means [105x1x2 array]
INFO: s3gau_io.c(166): Read /home/tandengwei/Desktop/pocketsphinx/my_db/model_parameters/my_db.cd_cont_200/variances [105x1x2 array]
INFO: s3gau_io.c(550): Read /home/tandengwei/Desktop/pocketsphinx/my_db/model_parameters/my_db.cd_cont_200/mixture_weights [105x1x2 array]
INFO: main.c(151): output n_density == 4
0:0(1.30e+01)1(1.19e+01)
1:1(6.79e+01)0(5.33e+01)
2:0(4.70e+01)1(4.39e+01)
3:1(4.36e+01)0(3.81e+01)
4:0(1.80e+01)1(1.21e+01)
5:0(3.00e+00)1(3.00e+00)
6:1(4.00e+00)0(4.00e+00)
7:0(5.01e+01)1(4.53e+01)
8:0(3.42e+02)1(3.33e+02)
9:1(2.43e+01)0(1.81e+01)
10:1(2.30e+01)0(1.95e+01)
11:0(5.07e+02)1(4.94e+02)
12:0(1.13e+02)1(5.06e+01)
13:1(4.00e+00)0(2.00e+00)
14:1(3.00e+00)0(2.00e+00)
15:0(1.82e+01)1(9.78e+00)
16:1(3.00e+00)0(2.00e+00)
17:0(6.00e+00)1(5.00e+00)
18:0(9.09e+01)1(8.20e+01)
19:1(2.59e+01)0(2.46e+01)
20:0(3.14e+01)1(3.11e+01)
21:1(1.00e+01)0(9.99e+00)
22:1(5.00e+00)0(4.00e+00)
23:0(1.14e+02)1(7.48e+01)
24:0(1.37e+03)1(3.00e+02)
25:0(2.35e+02)1(1.71e+02)
26:0(3.69e+03)1(8.74e+02)
27:0(1.10e+01)1(8.00e+00)
28:1(6.00e+00)0(5.00e+00)
29:0(1.09e+01)1(8.06e+00)
30:0(9.13e+01)1(3.75e+01)
31:1(3.75e+01)0(2.55e+01)
32:1(3.94e+02)0(3.30e+02)
33:0(6.00e+00)1(4.00e+00)
34:1(1.72e+01)0(1.58e+01)
35:0(3.18e+02)1(3.13e+02)
36:0(3.31e+01)1(2.89e+01)
37:1(1.20e+01)0(8.00e+00)
38:0(5.00e+00)1(4.00e+00)
39:1(2.90e+01)0(1.32e+01)
40:1(4.00e+00)0(3.00e+00)
41:1(7.00e+00)0(5.00e+00)
42:1(3.00e+00)0(1.00e+00)
43:0(2.00e+00)1(2.00e+00)
44:0(1.00e+01)1(6.00e+00)
45:1(1.00e+01)0(9.99e+00)
46:0(3.03e+01)1(2.57e+01)
47:1(2.70e+01)0(2.42e+01)
48:0(1.30e+01)1(1.19e+01)
49:1(6.79e+01)0(5.33e+01)
50:0(4.70e+01)1(4.39e+01)
51:1(4.36e+01)0(3.81e+01)
52:0(1.80e+01)1(1.21e+01)
53:0(3.00e+00)1(3.00e+00)
54:1(4.00e+00)0(4.00e+00)
55:0(5.01e+01)1(4.53e+01)
56:0(3.42e+02)1(3.33e+02)
57:1(2.43e+01)0(1.81e+01)
58:1(2.30e+01)0(1.95e+01)
59:0(5.07e+02)1(4.94e+02)
60:0(1.13e+02)1(5.06e+01)
61:1(4.00e+00)0(2.00e+00)
62:1(3.00e+00)0(2.00e+00)
63:0(1.82e+01)1(9.78e+00)
64:1(3.00e+00)0(2.00e+00)
65:0(6.00e+00)1(5.00e+00)
66:1(6.38e+01)0(5.42e+01)
67:0(3.26e+01)1(2.23e+01)
68:0(6.00e+00)1(4.00e+00)
69:0(2.35e+01)1(1.70e+01)
70:1(3.00e+00)0(1.00e+00)
71:0(3.05e+01)1(2.80e+01)
72:1(1.00e+01)0(9.99e+00)
73:1(5.00e+00)0(4.00e+00)
74:0(1.14e+02)1(7.48e+01)
75:0(8.00e+00)1(7.00e+00)
76:0(2.00e+00)1(2.00e+00)
77:1(3.00e+00)0(2.00e+00)
78:0(3.00e+00)1(3.00e+00)
79:0(7.00e+00)1(4.00e+00)
80:0(5.00e+00)1(3.00e+00)
81:0(9.13e+01)1(3.75e+01)
82:1(3.75e+01)0(2.55e+01)
83:1(3.94e+02)0(3.30e+02)
84:0(6.00e+00)1(4.00e+00)
85:1(1.72e+01)0(1.58e+01)
86:0(3.18e+02)1(3.13e+02)
87:0(3.31e+01)1(2.89e+01)
88:1(1.20e+01)0(8.00e+00)
89:0(5.00e+00)1(4.00e+00)
90:1(2.90e+01)0(1.32e+01)
91:1(4.00e+00)0(3.00e+00)
92:1(7.00e+00)0(5.00e+00)
93:1(3.00e+00)0(1.00e+00)
94:0(2.00e+00)1(2.00e+00)
95:0(1.00e+01)1(6.00e+00)
96:0(5.00e+00)1(2.00e+00)
97:0(3.00e+00)1(2.00e+00)
98:1(4.00e+00)0(4.00e+00)
99:0(2.00e+00)1(2.00e+00)
100:0(3.00e+00)1(2.00e+00)
101:1(2.42e+01)0(2.28e+01)
102:1(1.00e+01)0(9.98e+00)
103:1(1.12e+01)0(7.01e+00)
104:0(6.99e+00)1(6.00e+00)INFO: s3mixw_io.c(232): Wrote /home/tandengwei/Desktop/pocketsphinx/my_db/model_parameters/my_db.cd_cont_initial/mixture_weights [105x1x4 array]
INFO: s3gau_io.c(226): Wrote /home/tandengwei/Desktop/pocketsphinx/my_db/model_parameters/my_db.cd_cont_initial/means [105x1x4 array]
INFO: s3gau_io.c(226): Wrote /home/tandengwei/Desktop/pocketsphinx/my_db/model_parameters/my_db.cd_cont_initial/variances [105x1x4 array]

Wed Feb  4 00:35:34 2015
