INFO: cmd_ln.c(691): Parsing command line:
/usr/local/libexec/sphinxtrain/mk_mdef_gen \
	-phnlstfn /home/tandengwei/Desktop/pocketsphinx/my_db/model_architecture/my_db.phonelist \
	-oalltphnmdef /home/tandengwei/Desktop/pocketsphinx/my_db/model_architecture/my_db.alltriphones.mdef \
	-dictfn /home/tandengwei/Desktop/pocketsphinx/my_db/etc/my_db.dic \
	-fdictfn /home/tandengwei/Desktop/pocketsphinx/my_db/etc/my_db.filler \
	-n_state_pm 3 

Current configuration:
[NAME]		[DEFLT]	[VALUE]
-dictfn			/home/tandengwei/Desktop/pocketsphinx/my_db/etc/my_db.dic
-example	no	no
-fdictfn		/home/tandengwei/Desktop/pocketsphinx/my_db/etc/my_db.filler
-help		no	no
-ignorewpos	no	no
-inCDmdef		
-inCImdef		
-lsnfn			
-maxtriphones	100000	100000
-minocc		1	1
-n_state_pm	3	3
-oalltphnmdef		/home/tandengwei/Desktop/pocketsphinx/my_db/model_architecture/my_db.alltriphones.mdef
-ocimdef		
-ocountfn		
-ountiedmdef		
-phnlstfn		/home/tandengwei/Desktop/pocketsphinx/my_db/model_architecture/my_db.phonelist
-triphnlstfn		

INFO: main.c(94): Will write alltriphone mdef file /home/tandengwei/Desktop/pocketsphinx/my_db/model_architecture/my_db.alltriphones.mdef
INFO: mk_mdef_gen.c(189): 0 single word triphones in input phone list
INFO: mk_mdef_gen.c(190): 0 word beginning triphones in input phone list
INFO: mk_mdef_gen.c(191): 0 word internal triphones in input phone list
INFO: mk_mdef_gen.c(192): 0 word ending triphones in input phone list
INFO: mk_mdef_gen.c(280): Reading dict /home/tandengwei/Desktop/pocketsphinx/my_db/etc/my_db.dic
INFO: mk_mdef_gen.c(322): 5 words in dict /home/tandengwei/Desktop/pocketsphinx/my_db/etc/my_db.dic
INFO: mk_mdef_gen.c(280): Reading dict /home/tandengwei/Desktop/pocketsphinx/my_db/etc/my_db.filler
INFO: mk_mdef_gen.c(322): 3 words in dict /home/tandengwei/Desktop/pocketsphinx/my_db/etc/my_db.filler
INFO: mk_mdef_gen.c(442): 8 words in dictionary
INFO: mk_mdef_gen.c(443): 0 unique single word triphones in dictionary
INFO: mk_mdef_gen.c(444): 25 unique word beginning triphones in dictionary
INFO: mk_mdef_gen.c(445): 10 unique word internal triphones in dictionary
INFO: mk_mdef_gen.c(446): 24 unique word ending triphones in dictionary
INFO: mk_mdef_gen.c(897): 16 n_base, 59 n_tri
INFO: mk_mdef_gen.c(969): Wrote mdef file /home/tandengwei/Desktop/pocketsphinx/my_db/model_architecture/my_db.alltriphones.mdef
Wed Feb  4 00:35:29 2015
